#
# A fatal error has been detected by the Java Runtime Environment:
#
#  Internal Error (javaCalls.cpp:51), pid=10456, tid=0x0000000000004354
#  guarantee(thread->is_Java_thread()) failed: crucial check - the VM thread cannot and must not escape to Java code
#
# JRE version: Java(TM) SE Runtime Environment (8.0_291-b10) (build 1.8.0_291-b10)
# Java VM: Java HotSpot(TM) 64-Bit Server VM (25.291-b10 mixed mode windows-amd64 compressed oops)
# Failed to write core dump. Minidumps are not enabled by default on client versions of Windows
#
# If you would like to submit a bug report, please visit:
#   http://bugreport.java.com/bugreport/crash.jsp
#

---------------  T H R E A D  ---------------

Current thread (0x0000022963757000):  VMThread [stack: 0x000000af3ec00000,0x000000af3ed00000] [id=17236]

Stack: [0x000000af3ec00000,0x000000af3ed00000]
Native frames: (J=compiled Java code, j=interpreted, Vv=VM code, C=native code)
V  [jvm.dll+0x32ea19]
V  [jvm.dll+0x275462]
V  [jvm.dll+0x27610d]
V  [jvm.dll+0x26cac7]
V  [jvm.dll+0x20accd]
V  [jvm.dll+0x20b317]
V  [jvm.dll+0x32e932]
V  [jvm.dll+0x20b941]
V  [jvm.dll+0x26dd15]
V  [jvm.dll+0x26df5d]
V  [jvm.dll+0x26e0a9]
V  [jvm.dll+0x10ade8]
V  [jvm.dll+0x10a46d]
V  [jvm.dll+0x107ab4]
V  [jvm.dll+0x10907e]
V  [jvm.dll+0x1066ea]
V  [jvm.dll+0x10587a]
V  [jvm.dll+0xcd19b]
V  [jvm.dll+0xcdd44]
V  [jvm.dll+0x112684]
V  [jvm.dll+0x135980]
V  [jvm.dll+0x1b8e51]
V  [jvm.dll+0x245897]
V  [jvm.dll+0x244005]
V  [jvm.dll+0x24477c]
V  [jvm.dll+0x244a8c]
V  [jvm.dll+0x29210c]
C  [ucrtbase.dll+0x21bb2]
C  [KERNEL32.DLL+0x17614]
C  [ntdll.dll+0x526a1]

VM_Operation (0x000000af3f1ff750): GetOrSetLocal, mode: safepoint, requested by thread 0x000002296649f800


---------------  P R O C E S S  ---------------

Java Threads: ( => current thread )
  0x000002296e71b800 JavaThread "Swing-Shell" daemon [_thread_blocked, id=2608, stack(0x000000af41800000,0x000000af41900000)]
  0x000002296e39c000 JavaThread "D3D Screen Updater" daemon [_thread_blocked, id=9068, stack(0x000000af41700000,0x000000af41800000)]
  0x000002296e39b000 JavaThread "DestroyJavaVM" [_thread_blocked, id=8064, stack(0x000000af3de00000,0x000000af3df00000)]
  0x000002296e396800 JavaThread "Thread-11" [_thread_blocked, id=1848, stack(0x000000af41600000,0x000000af41700000)]
  0x000002296e39a800 JavaThread "Thread-10" [_thread_blocked, id=13920, stack(0x000000af41500000,0x000000af41600000)]
  0x000002296e396000 JavaThread "Thread-9" [_thread_blocked, id=8364, stack(0x000000af41400000,0x000000af41500000)]
  0x000002296e398000 JavaThread "AWT-EventQueue-0" [_thread_blocked, id=8032, stack(0x000000af41300000,0x000000af41400000)]
  0x000002296e399800 JavaThread "Thread-6" [_thread_blocked, id=5648, stack(0x000000af41200000,0x000000af41300000)]
  0x0000022966f5e800 JavaThread "Thread-5" [_thread_blocked, id=4748, stack(0x000000af41100000,0x000000af41200000)]
  0x0000022966f5d000 JavaThread "Thread-4" [_thread_blocked, id=7492, stack(0x000000af41000000,0x000000af41100000)]
  0x0000022966f5c000 JavaThread "Thread-3" [_thread_blocked, id=9708, stack(0x000000af40f00000,0x000000af41000000)]
  0x0000022966f60000 JavaThread "Thread-2" [_thread_blocked, id=16988, stack(0x000000af40e00000,0x000000af40f00000)]
  0x0000022966f5b800 JavaThread "Java Sound Event Dispatcher" daemon [_thread_blocked, id=2480, stack(0x000000af40a00000,0x000000af40b00000)]
  0x0000022966f61800 JavaThread "TimerQueue" daemon [_thread_blocked, id=8868, stack(0x000000af40700000,0x000000af40800000)]
  0x000002296710a000 JavaThread "AWT-Windows" daemon [_thread_in_native, id=5836, stack(0x000000af40400000,0x000000af40500000)]
  0x0000022967108800 JavaThread "AWT-Shutdown" [_thread_blocked, id=9104, stack(0x000000af40300000,0x000000af40400000)]
  0x0000022967105000 JavaThread "Java2D Disposer" daemon [_thread_blocked, id=16860, stack(0x000000af40200000,0x000000af40300000)]
  0x0000022966703800 JavaThread "Service Thread" daemon [_thread_blocked, id=6584, stack(0x000000af40000000,0x000000af40100000)]
  0x0000022966674000 JavaThread "C1 CompilerThread11" daemon [_thread_blocked, id=7824, stack(0x000000af3ff00000,0x000000af40000000)]
  0x0000022966672800 JavaThread "C1 CompilerThread10" daemon [_thread_blocked, id=5012, stack(0x000000af3fe00000,0x000000af3ff00000)]
  0x0000022966671800 JavaThread "C1 CompilerThread9" daemon [_thread_blocked, id=7820, stack(0x000000af3fd00000,0x000000af3fe00000)]
  0x0000022966673000 JavaThread "C1 CompilerThread8" daemon [_thread_blocked, id=3296, stack(0x000000af3fc00000,0x000000af3fd00000)]
  0x000002296666e800 JavaThread "C2 CompilerThread7" daemon [_thread_blocked, id=3380, stack(0x000000af3fb00000,0x000000af3fc00000)]
  0x000002296663d000 JavaThread "C2 CompilerThread6" daemon [_thread_blocked, id=7884, stack(0x000000af3fa00000,0x000000af3fb00000)]
  0x000002296662c800 JavaThread "C2 CompilerThread5" daemon [_thread_blocked, id=6816, stack(0x000000af3f900000,0x000000af3fa00000)]
  0x000002296662b800 JavaThread "C2 CompilerThread4" daemon [_thread_blocked, id=5168, stack(0x000000af3f800000,0x000000af3f900000)]
  0x0000022966612000 JavaThread "C2 CompilerThread3" daemon [_thread_blocked, id=7868, stack(0x000000af3f700000,0x000000af3f800000)]
  0x000002296660d800 JavaThread "C2 CompilerThread2" daemon [_thread_blocked, id=8076, stack(0x000000af3f600000,0x000000af3f700000)]
  0x0000022966606800 JavaThread "C2 CompilerThread1" daemon [_thread_blocked, id=14576, stack(0x000000af3f500000,0x000000af3f600000)]
  0x0000022966603800 JavaThread "C2 CompilerThread0" daemon [_thread_blocked, id=14808, stack(0x000000af3f400000,0x000000af3f500000)]
  0x00000229664a5000 JavaThread "JDWP Command Reader" daemon [_thread_in_native, id=15748, stack(0x000000af3f300000,0x000000af3f400000)]
  0x00000229664a4000 JavaThread "JDWP Event Helper Thread" daemon [_thread_blocked, id=14600, stack(0x000000af3f200000,0x000000af3f300000)]
  0x000002296649f800 JavaThread "JDWP Transport Listener: dt_socket" daemon [_thread_blocked, id=15032, stack(0x000000af3f100000,0x000000af3f200000)]
  0x0000022966478800 JavaThread "Attach Listener" daemon [_thread_blocked, id=2840, stack(0x000000af3f000000,0x000000af3f100000)]
  0x0000022966475800 JavaThread "Signal Dispatcher" daemon [_thread_blocked, id=9208, stack(0x000000af3ef00000,0x000000af3f000000)]
  0x000002296376b000 JavaThread "Finalizer" daemon [_thread_blocked, id=17080, stack(0x000000af3ee00000,0x000000af3ef00000)]
  0x0000022966460800 JavaThread "Reference Handler" daemon [_thread_blocked, id=7992, stack(0x000000af3ed00000,0x000000af3ee00000)]

Other Threads:
=>0x0000022963757000 VMThread [stack: 0x000000af3ec00000,0x000000af3ed00000] [id=17236]
  0x00000229667f7000 WatcherThread [stack: 0x000000af40100000,0x000000af40200000] [id=12556]

VM state:at safepoint (normal execution)

VM Mutex/Monitor currently owned by a thread:  ([mutex/lock_event])
[0x000002293f458c30] Threads_lock - owner thread: 0x0000022963757000

heap address: 0x00000005c1000000, size: 8176 MB, Compressed Oops mode: Zero based, Oop shift amount: 3
Narrow klass base: 0x0000000000000000, Narrow klass shift: 3
Compressed class space size: 1073741824 Address: 0x00000007c0000000

Heap:
 PSYoungGen      total 578560K, used 399551K [0x0000000715b00000, 0x0000000741c80000, 0x00000007c0000000)
  eden space 465408K, 85% used [0x0000000715b00000,0x000000072e047cf8,0x0000000732180000)
  from space 113152K, 0% used [0x000000073ae00000,0x000000073aee8000,0x0000000741c80000)
  to   space 128512K, 0% used [0x0000000732180000,0x0000000732180000,0x0000000739f00000)
 ParOldGen       total 412160K, used 203829K [0x00000005c1000000, 0x00000005da280000, 0x0000000715b00000)
  object space 412160K, 49% used [0x00000005c1000000,0x00000005cd70d430,0x00000005da280000)
 Metaspace       used 23330K, capacity 24002K, committed 24320K, reserved 1071104K
  class space    used 2843K, capacity 2992K, committed 3072K, reserved 1048576K

Card table byte_map: [0x0000022950250000,0x0000022951250000] byte_map_base: 0x000002294d448000

Marking Bits: (ParMarkBitMap*) 0x000000006ffe7fe0
 Begin Bits: [0x0000022951d00000, 0x0000022959cc0000)
 End Bits:   [0x0000022959cc0000, 0x0000022961c80000)

Polling page: 0x000002293f3f0000

CodeCache: size=245760Kb used=14894Kb max_used=16092Kb free=230865Kb
 bounds [0x0000022940e90000, 0x0000022941e90000, 0x000002294fe90000]
 total_blobs=4011 nmethods=3383 adapters=543
 compilation: enabled

Compilation events (10 events):
Event: 140.173 Thread 0x0000022966674000 3885 %     3       log.charter.gui.chartPanelDrawers.common.AudioDrawer::draw @ 141 (253 bytes)
Event: 140.173 Thread 0x0000022966674000 nmethod 3885% 0x0000022941a218d0 code [0x0000022941a21b60, 0x0000022941a22be0]
Event: 140.176 Thread 0x000002296662b800 3886 %     4       log.charter.gui.chartPanelDrawers.common.AudioDrawer::draw @ 141 (253 bytes)
Event: 140.183 Thread 0x000002296662b800 nmethod 3886% 0x000002294149f1d0 code [0x000002294149f3c0, 0x00000229414a00f0]
Event: 140.183 Thread 0x0000022966603800 3887       4       log.charter.gui.chartPanelDrawers.common.AudioDrawer::draw (253 bytes)
Event: 140.188 Thread 0x0000022966603800 nmethod 3887 0x0000022941acb1d0 code [0x0000022941acb3c0, 0x0000022941acc110]
Event: 142.693 Thread 0x0000022966671800 3888       1       java.awt.event.KeyEvent::getKeyCode (5 bytes)
Event: 142.693 Thread 0x0000022966671800 nmethod 3888 0x00000229419b4e10 code [0x00000229419b4f60, 0x00000229419b5078]
Event: 150.110 Thread 0x0000022966673000 3889       3       log.charter.gui.chartPanelDrawers.common.AudioDrawer::draw (253 bytes)
Event: 150.111 Thread 0x0000022966673000 nmethod 3889 0x00000229415bdd90 code [0x00000229415be000, 0x00000229415bef20]

GC Heap History (10 events):
Event: 7.335 GC heap before
{Heap before GC invocations=4 (full 1):
 PSYoungGen      total 153088K, used 117804K [0x0000000715b00000, 0x0000000720580000, 0x00000007c0000000)
  eden space 131584K, 73% used [0x0000000715b00000,0x000000071b910168,0x000000071db80000)
  from space 21504K, 99% used [0x000000071f080000,0x000000072057b270,0x0000000720580000)
  to   space 21504K, 0% used [0x000000071db80000,0x000000071db80000,0x000000071f080000)
 ParOldGen       total 137216K, used 48490K [0x00000005c1000000, 0x00000005c9600000, 0x0000000715b00000)
  object space 137216K, 35% used [0x00000005c1000000,0x00000005c3f5a878,0x00000005c9600000)
 Metaspace       used 22271K, capacity 22818K, committed 23088K, reserved 1069056K
  class space    used 2728K, capacity 2854K, committed 2944K, reserved 1048576K
Event: 7.360 GC heap after
Heap after GC invocations=4 (full 1):
 PSYoungGen      total 153088K, used 21484K [0x0000000715b00000, 0x0000000728500000, 0x00000007c0000000)
  eden space 131584K, 0% used [0x0000000715b00000,0x0000000715b00000,0x000000071db80000)
  from space 21504K, 99% used [0x000000071db80000,0x000000071f07b270,0x000000071f080000)
  to   space 21504K, 0% used [0x0000000727000000,0x0000000727000000,0x0000000728500000)
 ParOldGen       total 183296K, used 140681K [0x00000005c1000000, 0x00000005cc300000, 0x0000000715b00000)
  object space 183296K, 76% used [0x00000005c1000000,0x00000005c9962408,0x00000005cc300000)
 Metaspace       used 22271K, capacity 22818K, committed 23088K, reserved 1069056K
  class space    used 2728K, capacity 2854K, committed 2944K, reserved 1048576K
}
Event: 7.360 GC heap before
{Heap before GC invocations=5 (full 2):
 PSYoungGen      total 153088K, used 21484K [0x0000000715b00000, 0x0000000728500000, 0x00000007c0000000)
  eden space 131584K, 0% used [0x0000000715b00000,0x0000000715b00000,0x000000071db80000)
  from space 21504K, 99% used [0x000000071db80000,0x000000071f07b270,0x000000071f080000)
  to   space 21504K, 0% used [0x0000000727000000,0x0000000727000000,0x0000000728500000)
 ParOldGen       total 183296K, used 140681K [0x00000005c1000000, 0x00000005cc300000, 0x0000000715b00000)
  object space 183296K, 76% used [0x00000005c1000000,0x00000005c9962408,0x00000005cc300000)
 Metaspace       used 22271K, capacity 22818K, committed 23088K, reserved 1069056K
  class space    used 2728K, capacity 2854K, committed 2944K, reserved 1048576K
Event: 7.400 GC heap after
Heap after GC invocations=5 (full 2):
 PSYoungGen      total 153088K, used 0K [0x0000000715b00000, 0x0000000728500000, 0x00000007c0000000)
  eden space 131584K, 0% used [0x0000000715b00000,0x0000000715b00000,0x000000071db80000)
  from space 21504K, 0% used [0x000000071db80000,0x000000071db80000,0x000000071f080000)
  to   space 21504K, 0% used [0x0000000727000000,0x0000000727000000,0x0000000728500000)
 ParOldGen       total 412160K, used 157827K [0x00000005c1000000, 0x00000005da280000, 0x0000000715b00000)
  object space 412160K, 38% used [0x00000005c1000000,0x00000005caa20ed0,0x00000005da280000)
 Metaspace       used 22271K, capacity 22818K, committed 23088K, reserved 1069056K
  class space    used 2728K, capacity 2854K, committed 2944K, reserved 1048576K
}
Event: 25.130 GC heap before
{Heap before GC invocations=6 (full 2):
 PSYoungGen      total 153088K, used 131584K [0x0000000715b00000, 0x0000000728500000, 0x00000007c0000000)
  eden space 131584K, 100% used [0x0000000715b00000,0x000000071db80000,0x000000071db80000)
  from space 21504K, 0% used [0x000000071db80000,0x000000071db80000,0x000000071f080000)
  to   space 21504K, 0% used [0x0000000727000000,0x0000000727000000,0x0000000728500000)
 ParOldGen       total 412160K, used 157827K [0x00000005c1000000, 0x00000005da280000, 0x0000000715b00000)
  object space 412160K, 38% used [0x00000005c1000000,0x00000005caa20ed0,0x00000005da280000)
 Metaspace       used 23276K, capacity 23930K, committed 24064K, reserved 1071104K
  class space    used 2838K, capacity 2990K, committed 3072K, reserved 1048576K
Event: 25.146 GC heap after
Heap after GC invocations=6 (full 2):
 PSYoungGen      total 262144K, used 1024K [0x0000000715b00000, 0x0000000727a80000, 0x00000007c0000000)
  eden space 251392K, 0% used [0x0000000715b00000,0x0000000715b00000,0x0000000725080000)
  from space 10752K, 9% used [0x0000000727000000,0x0000000727100000,0x0000000727a80000)
  to   space 21504K, 0% used [0x0000000725080000,0x0000000725080000,0x0000000726580000)
 ParOldGen       total 412160K, used 203813K [0x00000005c1000000, 0x00000005da280000, 0x0000000715b00000)
  object space 412160K, 49% used [0x00000005c1000000,0x00000005cd709430,0x00000005da280000)
 Metaspace       used 23276K, capacity 23930K, committed 24064K, reserved 1071104K
  class space    used 2838K, capacity 2990K, committed 3072K, reserved 1048576K
}
Event: 62.477 GC heap before
{Heap before GC invocations=7 (full 2):
 PSYoungGen      total 262144K, used 252416K [0x0000000715b00000, 0x0000000727a80000, 0x00000007c0000000)
  eden space 251392K, 100% used [0x0000000715b00000,0x0000000725080000,0x0000000725080000)
  from space 10752K, 9% used [0x0000000727000000,0x0000000727100000,0x0000000727a80000)
  to   space 21504K, 0% used [0x0000000725080000,0x0000000725080000,0x0000000726580000)
 ParOldGen       total 412160K, used 203813K [0x00000005c1000000, 0x00000005da280000, 0x0000000715b00000)
  object space 412160K, 49% used [0x00000005c1000000,0x00000005cd709430,0x00000005da280000)
 Metaspace       used 23304K, capacity 24002K, committed 24320K, reserved 1071104K
  class space    used 2842K, capacity 2992K, committed 3072K, reserved 1048576K
Event: 62.479 GC heap after
Heap after GC invocations=7 (full 2):
 PSYoungGen      total 272896K, used 960K [0x0000000715b00000, 0x0000000743200000, 0x00000007c0000000)
  eden space 251392K, 0% used [0x0000000715b00000,0x0000000715b00000,0x0000000725080000)
  from space 21504K, 4% used [0x0000000725080000,0x0000000725170000,0x0000000726580000)
  to   space 135168K, 0% used [0x000000073ae00000,0x000000073ae00000,0x0000000743200000)
 ParOldGen       total 412160K, used 203821K [0x00000005c1000000, 0x00000005da280000, 0x0000000715b00000)
  object space 412160K, 49% used [0x00000005c1000000,0x00000005cd70b430,0x00000005da280000)
 Metaspace       used 23304K, capacity 24002K, committed 24320K, reserved 1071104K
  class space    used 2842K, capacity 2992K, committed 3072K, reserved 1048576K
}
Event: 95.039 GC heap before
{Heap before GC invocations=8 (full 2):
 PSYoungGen      total 272896K, used 252352K [0x0000000715b00000, 0x0000000743200000, 0x00000007c0000000)
  eden space 251392K, 100% used [0x0000000715b00000,0x0000000725080000,0x0000000725080000)
  from space 21504K, 4% used [0x0000000725080000,0x0000000725170000,0x0000000726580000)
  to   space 135168K, 0% used [0x000000073ae00000,0x000000073ae00000,0x0000000743200000)
 ParOldGen       total 412160K, used 203821K [0x00000005c1000000, 0x00000005da280000, 0x0000000715b00000)
  object space 412160K, 49% used [0x00000005c1000000,0x00000005cd70b430,0x00000005da280000)
 Metaspace       used 23316K, capacity 24002K, committed 24320K, reserved 1071104K
  class space    used 2843K, capacity 2992K, committed 3072K, reserved 1048576K
Event: 95.041 GC heap after
Heap after GC invocations=8 (full 2):
 PSYoungGen      total 578560K, used 928K [0x0000000715b00000, 0x0000000741c80000, 0x00000007c0000000)
  eden space 465408K, 0% used [0x0000000715b00000,0x0000000715b00000,0x0000000732180000)
  from space 113152K, 0% used [0x000000073ae00000,0x000000073aee8000,0x0000000741c80000)
  to   space 128512K, 0% used [0x0000000732180000,0x0000000732180000,0x0000000739f00000)
 ParOldGen       total 412160K, used 203829K [0x00000005c1000000, 0x00000005da280000, 0x0000000715b00000)
  object space 412160K, 49% used [0x00000005c1000000,0x00000005cd70d430,0x00000005da280000)
 Metaspace       used 23316K, capacity 24002K, committed 24320K, reserved 1071104K
  class space    used 2843K, capacity 2992K, committed 3072K, reserved 1048576K
}

Deoptimization events (10 events):
Event: 34.016 Thread 0x000002296e398000 Uncommon trap: reason=unstable_if action=reinterpret pc=0x0000022941d57148 method=java.util.concurrent.locks.LockSupport.unpark(Ljava/lang/Thread;)V @ 1
Event: 42.957 Thread 0x000002296e398000 Uncommon trap: reason=unstable_if action=reinterpret pc=0x0000022941d14ed4 method=java.util.concurrent.locks.LockSupport.unpark(Ljava/lang/Thread;)V @ 1
Event: 51.228 Thread 0x000002296e398000 Uncommon trap: reason=unstable_if action=reinterpret pc=0x000002294136e40c method=java.util.concurrent.locks.LockSupport.unpark(Ljava/lang/Thread;)V @ 1
Event: 59.872 Thread 0x000002296e398000 Uncommon trap: reason=unstable_if action=reinterpret pc=0x0000022941cfa7c8 method=java.util.concurrent.locks.LockSupport.unpark(Ljava/lang/Thread;)V @ 1
Event: 95.041 Thread 0x000002296e398000 Uncommon trap: reason=unstable_if action=reinterpret pc=0x0000022941d0a410 method=sun.java2d.pipe.BufferedContext.validate(Lsun/java2d/pipe/hw/AccelSurface;Lsun/java2d/pipe/hw/AccelSurface;Lsun/java2d/pipe/Region;Ljava/awt/Composite;Ljava/awt/geom/AffineT
Event: 126.711 Thread 0x000002296e398000 Uncommon trap: reason=unstable_if action=reinterpret pc=0x00000229417ccad8 method=log.charter.gui.chartPanelDrawers.common.AudioDrawer.draw(Ljava/awt/Graphics;)V @ 4
Event: 127.796 Thread 0x000002296e398000 Uncommon trap: reason=unstable_if action=reinterpret pc=0x00000229413d5450 method=log.charter.gui.chartPanelDrawers.common.AudioDrawer.draw(Ljava/awt/Graphics;)V @ 265
Event: 128.636 Thread 0x000002296e398000 Uncommon trap: reason=unstable_if action=reinterpret pc=0x0000022941b196a0 method=log.charter.gui.chartPanelDrawers.common.AudioDrawer.draw(Ljava/awt/Graphics;)V @ 265
Event: 139.212 Thread 0x000002296e398000 Uncommon trap: reason=unreached action=reinterpret pc=0x000002294155a774 method=log.charter.gui.chartPanelDrawers.common.AudioDrawer.draw(Ljava/awt/Graphics;)V @ 249
Event: 140.171 Thread 0x000002296e398000 Uncommon trap: reason=unstable_if action=reinterpret pc=0x00000229417922c8 method=log.charter.gui.chartPanelDrawers.common.AudioDrawer.draw(Ljava/awt/Graphics;)V @ 249

Classes redefined (3 events):
Event: 26.485 Thread 0x0000022963757000 redefined class name=log.charter.gui.chartPanelDrawers.common.AudioDrawer, count=1
Event: 69.319 Thread 0x0000022963757000 redefined class name=log.charter.gui.chartPanelDrawers.common.AudioDrawer, count=2
Event: 136.740 Thread 0x0000022963757000 redefined class name=log.charter.gui.chartPanelDrawers.common.AudioDrawer, count=3

Internal exceptions (10 events):
Event: 10.794 Thread 0x000002296e398000 Exception <a 'java/lang/ArrayIndexOutOfBoundsException': -1> (0x000000071ace7280) thrown at [C:\jenkins\workspace\8-2-build-windows-amd64-cygwin\jdk8u291\1294\hotspot\src\share\vm\interpreter\interpreterRuntime.cpp, line 371]
Event: 10.794 Thread 0x000002296e398000 Exception <a 'java/lang/ArrayIndexOutOfBoundsException'> (0x000000071ace7280) thrown at [C:\jenkins\workspace\8-2-build-windows-amd64-cygwin\jdk8u291\1294\hotspot\src\share\vm\prims\jvm.cpp, line 1527]
Event: 10.794 Thread 0x000002296e398000 Exception <a 'java/lang/ArrayIndexOutOfBoundsException'> (0x000000071ace7280) thrown at [C:\jenkins\workspace\8-2-build-windows-amd64-cygwin\jdk8u291\1294\hotspot\src\share\vm\prims\jvm.cpp, line 1527]
Event: 10.806 Thread 0x000002296e398000 Exception <a 'java/lang/ArrayIndexOutOfBoundsException': -1> (0x000000071acfd188) thrown at [C:\jenkins\workspace\8-2-build-windows-amd64-cygwin\jdk8u291\1294\hotspot\src\share\vm\interpreter\interpreterRuntime.cpp, line 371]
Event: 10.806 Thread 0x000002296e398000 Exception <a 'java/lang/ArrayIndexOutOfBoundsException'> (0x000000071acfd188) thrown at [C:\jenkins\workspace\8-2-build-windows-amd64-cygwin\jdk8u291\1294\hotspot\src\share\vm\prims\jvm.cpp, line 1527]
Event: 10.806 Thread 0x000002296e398000 Exception <a 'java/lang/ArrayIndexOutOfBoundsException'> (0x000000071acfd188) thrown at [C:\jenkins\workspace\8-2-build-windows-amd64-cygwin\jdk8u291\1294\hotspot\src\share\vm\prims\jvm.cpp, line 1527]
Event: 10.816 Thread 0x000002296e398000 Exception <a 'java/lang/ArrayIndexOutOfBoundsException': -1> (0x000000071ad13090) thrown at [C:\jenkins\workspace\8-2-build-windows-amd64-cygwin\jdk8u291\1294\hotspot\src\share\vm\interpreter\interpreterRuntime.cpp, line 371]
Event: 10.816 Thread 0x000002296e398000 Exception <a 'java/lang/ArrayIndexOutOfBoundsException'> (0x000000071ad13090) thrown at [C:\jenkins\workspace\8-2-build-windows-amd64-cygwin\jdk8u291\1294\hotspot\src\share\vm\prims\jvm.cpp, line 1527]
Event: 10.816 Thread 0x000002296e398000 Exception <a 'java/lang/ArrayIndexOutOfBoundsException'> (0x000000071ad13090) thrown at [C:\jenkins\workspace\8-2-build-windows-amd64-cygwin\jdk8u291\1294\hotspot\src\share\vm\prims\jvm.cpp, line 1527]
Event: 95.041 Thread 0x000002296e398000 Implicit null exception at 0x0000022941d05442 to 0x0000022941d0a3c5

Events (10 events):
Event: 152.084 Executing VM operation: GetCurrentContendedMonitor done
Event: 152.084 Executing VM operation: GetOwnedMonitorInfo
Event: 152.084 Executing VM operation: GetOwnedMonitorInfo done
Event: 152.085 Executing VM operation: GetCurrentContendedMonitor
Event: 152.085 Executing VM operation: GetCurrentContendedMonitor done
Event: 152.086 Executing VM operation: GetCurrentContendedMonitor
Event: 152.086 Executing VM operation: GetCurrentContendedMonitor done
Event: 152.086 Executing VM operation: GetOwnedMonitorInfo
Event: 152.086 Executing VM operation: GetOwnedMonitorInfo done
Event: 152.155 Executing VM operation: GetOrSetLocal


Dynamic libraries:
0x00007ff6a2970000 - 0x00007ff6a29b7000 	C:\Program Files\Java\jdk1.8.0_291\jre\bin\javaw.exe
0x00007ff9b1b30000 - 0x00007ff9b1d28000 	C:\Windows\SYSTEM32\ntdll.dll
0x00007ff9afb70000 - 0x00007ff9afc2f000 	C:\Windows\System32\KERNEL32.DLL
0x00007ff9af860000 - 0x00007ff9afb32000 	C:\Windows\System32\KERNELBASE.dll
0x00007ff9b1400000 - 0x00007ff9b14ae000 	C:\Windows\System32\ADVAPI32.dll
0x00007ff9b0790000 - 0x00007ff9b082e000 	C:\Windows\System32\msvcrt.dll
0x00007ff9b1710000 - 0x00007ff9b17ac000 	C:\Windows\System32\sechost.dll
0x00007ff9b17b0000 - 0x00007ff9b18d5000 	C:\Windows\System32\RPCRT4.dll
0x00007ff9b0280000 - 0x00007ff9b0421000 	C:\Windows\System32\USER32.dll
0x00007ff9afb40000 - 0x00007ff9afb62000 	C:\Windows\System32\win32u.dll
0x00007ff9afc90000 - 0x00007ff9afcbb000 	C:\Windows\System32\GDI32.dll
0x00007ff9af360000 - 0x00007ff9af46f000 	C:\Windows\System32\gdi32full.dll
0x00007ff9af630000 - 0x00007ff9af6cd000 	C:\Windows\System32\msvcp_win.dll
0x00007ff9af4e0000 - 0x00007ff9af5e0000 	C:\Windows\System32\ucrtbase.dll
0x00007ff999750000 - 0x00007ff9999ea000 	C:\Windows\WinSxS\amd64_microsoft.windows.common-controls_6595b64144ccf1df_6.0.19041.1110_none_60b5254171f9507e\COMCTL32.dll
0x00007ff9b1ab0000 - 0x00007ff9b1ae2000 	C:\Windows\System32\IMM32.DLL
0x00007ff9a5390000 - 0x00007ff9a53a5000 	C:\Program Files\Java\jdk1.8.0_291\jre\bin\vcruntime140.dll
0x00007ff98b850000 - 0x00007ff98b8eb000 	C:\Program Files\Java\jdk1.8.0_291\jre\bin\msvcp140.dll
0x000000006f800000 - 0x0000000070060000 	C:\Program Files\Java\jdk1.8.0_291\jre\bin\server\jvm.dll
0x00007ff9b0270000 - 0x00007ff9b0278000 	C:\Windows\System32\PSAPI.DLL
0x00007ff990510000 - 0x00007ff990519000 	C:\Windows\SYSTEM32\WSOCK32.dll
0x00007ff9a9fc0000 - 0x00007ff9a9fca000 	C:\Windows\SYSTEM32\VERSION.dll
0x00007ff9a52d0000 - 0x00007ff9a52f7000 	C:\Windows\SYSTEM32\WINMM.dll
0x00007ff9b05e0000 - 0x00007ff9b064b000 	C:\Windows\System32\WS2_32.dll
0x00007ff9ad100000 - 0x00007ff9ad112000 	C:\Windows\SYSTEM32\kernel.appcore.dll
0x00007ff9a7880000 - 0x00007ff9a7890000 	C:\Program Files\Java\jdk1.8.0_291\jre\bin\verify.dll
0x00007ff98cc80000 - 0x00007ff98ccab000 	C:\Program Files\Java\jdk1.8.0_291\jre\bin\java.dll
0x00007ff98c9b0000 - 0x00007ff98c9e6000 	C:\Program Files\Java\jdk1.8.0_291\jre\bin\jdwp.dll
0x00007ff9a5050000 - 0x00007ff9a5059000 	C:\Program Files\Java\jdk1.8.0_291\jre\bin\npt.dll
0x00007ff98c750000 - 0x00007ff98c780000 	C:\Program Files\Java\jdk1.8.0_291\jre\bin\instrument.dll
0x00007ff99bf60000 - 0x00007ff99bf78000 	C:\Program Files\Java\jdk1.8.0_291\jre\bin\zip.dll
0x00007ff9b0c10000 - 0x00007ff9b1354000 	C:\Windows\System32\SHELL32.dll
0x00007ff9ad300000 - 0x00007ff9ada92000 	C:\Windows\SYSTEM32\windows.storage.dll
0x00007ff9b0830000 - 0x00007ff9b0b85000 	C:\Windows\System32\combase.dll
0x00007ff9aec80000 - 0x00007ff9aecb0000 	C:\Windows\SYSTEM32\Wldp.dll
0x00007ff9b06e0000 - 0x00007ff9b078d000 	C:\Windows\System32\SHCORE.dll
0x00007ff9b0b90000 - 0x00007ff9b0be5000 	C:\Windows\System32\shlwapi.dll
0x00007ff9af160000 - 0x00007ff9af17f000 	C:\Windows\SYSTEM32\profapi.dll
0x00007ff9a5040000 - 0x00007ff9a504a000 	C:\Program Files\Java\jdk1.8.0_291\jre\bin\dt_socket.dll
0x00007ff978670000 - 0x00007ff978687000 	C:\Windows\system32\napinsp.dll
0x00007ff978650000 - 0x00007ff97866b000 	C:\Windows\system32\pnrpnsp.dll
0x00007ff997cc0000 - 0x00007ff997cd5000 	C:\Windows\system32\wshbth.dll
0x00007ff9aabe0000 - 0x00007ff9aabfd000 	C:\Windows\system32\NLAapi.dll
0x00007ff9ae660000 - 0x00007ff9ae69b000 	C:\Windows\SYSTEM32\IPHLPAPI.DLL
0x00007ff9ae9e0000 - 0x00007ff9aea4a000 	C:\Windows\System32\mswsock.dll
0x00007ff9ae6c0000 - 0x00007ff9ae78a000 	C:\Windows\SYSTEM32\DNSAPI.dll
0x00007ff9b13f0000 - 0x00007ff9b13f8000 	C:\Windows\System32\NSI.dll
0x00007ff978630000 - 0x00007ff978642000 	C:\Windows\System32\winrnr.dll
0x00007ff9a51f0000 - 0x00007ff9a5270000 	C:\Windows\System32\fwpuclnt.dll
0x00007ff9af6d0000 - 0x00007ff9af6f7000 	C:\Windows\System32\bcrypt.dll
0x00007ff9a6d50000 - 0x00007ff9a6d5a000 	C:\Windows\System32\rasadhlp.dll
0x00007ff983940000 - 0x00007ff983ad5000 	C:\Program Files\Java\jdk1.8.0_291\jre\bin\awt.dll
0x00007ff9b1510000 - 0x00007ff9b15dd000 	C:\Windows\System32\OLEAUT32.dll
0x00007ff9aca40000 - 0x00007ff9acad1000 	C:\Windows\SYSTEM32\apphelp.dll
0x00007ff9acf20000 - 0x00007ff9acf4f000 	C:\Windows\system32\DWMAPI.DLL
0x00007ff9acc30000 - 0x00007ff9accce000 	C:\Windows\system32\uxtheme.dll
0x00007ff958870000 - 0x00007ff958995000 	C:\Windows\system32\opengl32.dll
0x00007ff989e70000 - 0x00007ff989e9c000 	C:\Windows\SYSTEM32\GLU32.dll
0x00007ff9b1990000 - 0x00007ff9b1aa5000 	C:\Windows\System32\MSCTF.dll
0x00007ff9b15e0000 - 0x00007ff9b170a000 	C:\Windows\System32\ole32.dll
0x00007ff9af220000 - 0x00007ff9af2a2000 	C:\Windows\System32\bcryptPrimitives.dll
0x00007ff9a05c0000 - 0x00007ff9a078e000 	C:\Windows\system32\d3d9.dll
0x00007ff9a5130000 - 0x00007ff9a51ee000 	C:\Windows\System32\DriverStore\FileRepository\nv_dispig.inf_amd64_807bbbd5b556d8f2\nvldumdx.dll
0x00007ff9aee10000 - 0x00007ff9aee22000 	C:\Windows\SYSTEM32\msasn1.dll
0x00007ff9a7360000 - 0x00007ff9a7391000 	C:\Windows\SYSTEM32\cryptnet.dll
0x00007ff9af700000 - 0x00007ff9af856000 	C:\Windows\System32\CRYPT32.dll
0x00007ff9a71a0000 - 0x00007ff9a72e8000 	C:\Windows\SYSTEM32\drvstore.dll
0x00007ff9aeff0000 - 0x00007ff9af01c000 	C:\Windows\SYSTEM32\devobj.dll
0x00007ff9af5e0000 - 0x00007ff9af62e000 	C:\Windows\System32\cfgmgr32.dll
0x00007ff9aebd0000 - 0x00007ff9aebdc000 	C:\Windows\SYSTEM32\cryptbase.dll
0x00007ff9af470000 - 0x00007ff9af4d9000 	C:\Windows\System32\WINTRUST.DLL
0x00007ff9b0bf0000 - 0x00007ff9b0c0d000 	C:\Windows\System32\imagehlp.dll
0x00007ff9aebe0000 - 0x00007ff9aebf8000 	C:\Windows\SYSTEM32\CRYPTSP.dll
0x00007ff9ae220000 - 0x00007ff9ae254000 	C:\Windows\system32\rsaenh.dll
0x00007ff93fc50000 - 0x00007ff94225b000 	C:\Windows\System32\DriverStore\FileRepository\nv_dispig.inf_amd64_807bbbd5b556d8f2\nvd3dumx.dll
0x00007ff9adab0000 - 0x00007ff9adad3000 	C:\Windows\SYSTEM32\gpapi.dll
0x00007ff9a5dd0000 - 0x00007ff9a5e0b000 	C:\Windows\SYSTEM32\dxcore.dll
0x00007ff996d10000 - 0x00007ff996d1d000 	C:\Program Files\Java\jdk1.8.0_291\jre\bin\jsound.dll
0x00007ff996d00000 - 0x00007ff996d0d000 	C:\Program Files\Java\jdk1.8.0_291\jre\bin\jsoundds.dll
0x00007ff958690000 - 0x00007ff95872c000 	C:\Windows\SYSTEM32\DSOUND.dll
0x00007ff9ae7f0000 - 0x00007ff9ae83b000 	C:\Windows\SYSTEM32\powrprof.dll
0x00007ff994330000 - 0x00007ff994356000 	C:\Windows\SYSTEM32\winmmbase.dll
0x00007ff9ae6a0000 - 0x00007ff9ae6b2000 	C:\Windows\SYSTEM32\UMPDC.dll
0x00007ff9a73a0000 - 0x00007ff9a7425000 	C:\Windows\SYSTEM32\MMDevAPI.DLL
0x00007ff98e4f0000 - 0x00007ff98e536000 	C:\Windows\SYSTEM32\wdmaud.drv
0x00007ff9aa000000 - 0x00007ff9aa009000 	C:\Windows\SYSTEM32\ksuser.dll
0x00007ff9aa0c0000 - 0x00007ff9aa0ca000 	C:\Windows\SYSTEM32\AVRT.dll
0x00007ff9a7430000 - 0x00007ff9a75b2000 	C:\Windows\SYSTEM32\AUDIOSES.DLL
0x00007ff9aac20000 - 0x00007ff9aac2d000 	C:\Windows\SYSTEM32\msacm32.drv
0x00007ff9a6d60000 - 0x00007ff9a6d7e000 	C:\Windows\SYSTEM32\MSACM32.dll
0x00007ff9a89c0000 - 0x00007ff9a89cb000 	C:\Windows\SYSTEM32\midimap.dll
0x00007ff9b18e0000 - 0x00007ff9b198f000 	C:\Windows\System32\clbcatq.dll
0x00007ff9acd00000 - 0x00007ff9acd14000 	C:\Windows\SYSTEM32\resourcepolicyclient.dll
0x00007ff9af120000 - 0x00007ff9af14e000 	C:\Windows\SYSTEM32\USERENV.dll
0x00007ff98cc60000 - 0x00007ff98cc7c000 	C:\Program Files\Java\jdk1.8.0_291\jre\bin\net.dll
0x00007ff9a9770000 - 0x00007ff9a9787000 	C:\Windows\SYSTEM32\dhcpcsvc6.DLL
0x00007ff9a9750000 - 0x00007ff9a976d000 	C:\Windows\SYSTEM32\dhcpcsvc.DLL
0x00007ff98c990000 - 0x00007ff98c9a3000 	C:\Program Files\Java\jdk1.8.0_291\jre\bin\nio.dll
0x00007ff989e20000 - 0x00007ff989e69000 	C:\Program Files\Java\jdk1.8.0_291\jre\bin\fontmanager.dll
0x00007ff987df0000 - 0x00007ff987e33000 	C:\Program Files\Java\jdk1.8.0_291\jre\bin\t2k.dll
0x00007ff99bbb0000 - 0x00007ff99bca9000 	C:\Windows\SYSTEM32\textinputframework.dll
0x00007ff9ac3d0000 - 0x00007ff9ac72e000 	C:\Windows\System32\CoreUIComponents.dll
0x00007ff9ac730000 - 0x00007ff9ac822000 	C:\Windows\System32\CoreMessaging.dll
0x00007ff9ae340000 - 0x00007ff9ae373000 	C:\Windows\SYSTEM32\ntmarta.dll
0x00007ff9abd00000 - 0x00007ff9abe54000 	C:\Windows\SYSTEM32\wintypes.dll
0x00007ff997840000 - 0x00007ff9978f0000 	C:\Windows\WinSxS\amd64_microsoft.windows.common-controls_6595b64144ccf1df_5.82.19041.1110_none_792d1c772443f647\comctl32.dll
0x00007ff9aada0000 - 0x00007ff9aae96000 	C:\Windows\system32\propsys.dll
0x00007ff9918b0000 - 0x00007ff9918c7000 	C:\Windows\system32\NetworkExplorer.dll
0x00007ff99f6f0000 - 0x00007ff99f70d000 	C:\Windows\SYSTEM32\MPR.dll
0x00007ff99b690000 - 0x00007ff99b69b000 	C:\Windows\System32\drprov.dll
0x00007ff9ae4c0000 - 0x00007ff9ae524000 	C:\Windows\System32\WINSTA.dll
0x00007ff9948b0000 - 0x00007ff9948d0000 	C:\Windows\System32\ntlanman.dll
0x00007ff98e3c0000 - 0x00007ff98e3de000 	C:\Windows\System32\davclnt.dll
0x00007ff993e20000 - 0x00007ff993e2d000 	C:\Windows\System32\DAVHLPR.dll
0x00007ff9ae380000 - 0x00007ff9ae399000 	C:\Windows\System32\wkscli.dll
0x00007ff98a350000 - 0x00007ff98a362000 	C:\Windows\SYSTEM32\cscapi.dll
0x00007ff9ae7e0000 - 0x00007ff9ae7ec000 	C:\Windows\System32\netutils.dll
0x00007ff989630000 - 0x00007ff989686000 	C:\Windows\System32\dlnashext.dll
0x00007ff96c840000 - 0x00007ff96c8a4000 	C:\Windows\System32\PlayToDevice.dll
0x00007ff992f20000 - 0x00007ff992f40000 	C:\Windows\System32\DevDispItemProvider.dll
0x00007ff987680000 - 0x00007ff987721000 	C:\Windows\system32\wpdshext.dll
0x00007ff998040000 - 0x00007ff9981e5000 	C:\Windows\WinSxS\amd64_microsoft.windows.gdiplus_6595b64144ccf1df_1.1.19041.2251_none_91a40448cc8846c1\gdiplus.dll
0x00007ff9a9590000 - 0x00007ff9a9633000 	C:\Windows\System32\PortableDeviceApi.dll
0x00007ff9afe00000 - 0x00007ff9b0268000 	C:\Windows\System32\SETUPAPI.dll
0x00007ff9a72f0000 - 0x00007ff9a7322000 	C:\Windows\System32\PortableDeviceTypes.dll
0x00007ff989690000 - 0x00007ff9896c7000 	C:\Windows\System32\EhStorShell.dll
0x00007ff985070000 - 0x00007ff985096000 	C:\Windows\System32\EhStorAPI.dll
0x00007ff9aaf00000 - 0x00007ff9aaf14000 	C:\Windows\System32\WTSAPI32.dll

VM Arguments:
jvm_args: -agentlib:jdwp=transport=dt_socket,suspend=y,address=localhost:59116 -javaagent:C:\Programs\Eclipse\eclipse\configuration\org.eclipse.osgi\215\0\.cp\lib\javaagent-shaded.jar -Dfile.encoding=Cp1250 
java_command: log.charter.main.LogCharterRSMain
java_class_path (initial): C:\Users\Szymon\eclipse-workspace\LOG-charter-RS\target\classes;C:\Users\Szymon\.p2\pool\plugins\org.junit_4.13.0.v20200204-1500.jar;C:\Users\Szymon\.p2\pool\plugins\org.hamcrest.core_1.3.0.v20180420-1519.jar;C:\Users\Szymon\.m2\repository\org\jogamp\gluegen\gluegen-rt\2.3.2\gluegen-rt-2.3.2.jar;C:\Users\Szymon\.m2\repository\org\jogamp\jogl\jogl-all\2.3.2\jogl-all-2.3.2.jar;C:\Users\Szymon\.m2\repository\com\googlecode\soundlibs\tritonus-share\0.3.7-2\tritonus-share-0.3.7-2.jar;C:\Users\Szymon\.m2\repository\com\googlecode\soundlibs\mp3spi\1.9.5-1\mp3spi-1.9.5-1.jar;C:\Users\Szymon\.m2\repository\com\googlecode\soundlibs\jlayer\1.0.1-1\jlayer-1.0.1-1.jar;C:\Users\Szymon\.m2\repository\junit\junit\3.8.2\junit-3.8.2.jar;C:\Users\Szymon\.m2\repository\com\googlecode\soundlibs\vorbisspi\1.0.3-1\vorbisspi-1.0.3-1.jar;C:\Users\Szymon\.m2\repository\com\googlecode\soundlibs\jorbis\0.0.17-2\jorbis-0.0.17-2.jar;C:\Users\Szymon\.m2\repository\com\thoughtworks\xstream\xstream\1.4.19\xstream-1.4.19.jar;C:\Users\Szymon\.m2\repository\io\github\x-stream\mxparser\1.2.2\mxparser-1.2.2.jar;C:\Users\Szymon\.m2\repository\xmlpull\xmlpull\1.1.3.1\xmlpull-1.1.3.1.jar;C:\Programs\Eclipse\eclipse\configuration\org.eclipse.osgi\215\0\.cp\lib\javaagent-shaded.jar
Launcher Type: SUN_STANDARD

Environment Variables:
PATH=C:\Program Files\Java\jdk1.8.0_291\jre\bin;C:/Users/Szymon/.p2/pool/plugins/org.eclipse.justj.openjdk.hotspot.jre.full.win32.x86_64_14.0.2.v20200815-0932/jre/bin/server;C:/Users/Szymon/.p2/pool/plugins/org.eclipse.justj.openjdk.hotspot.jre.full.win32.x86_64_14.0.2.v20200815-0932/jre/bin;C:\Program Files\Common Files\Oracle\Java\javapath;C:\Program Files (x86)\Common Files\Oracle\Java\javapath;C:\Windows\system32;C:\Windows;C:\Windows\System32\Wbem;C:\Windows\System32\WindowsPowerShell\v1.0\;C:\Windows\System32\OpenSSH\;C:\Program Files (x86)\Java\jre1.8.0_261\bin;C:\Programs\ffmpeg-4.4-full_build;C:\Program Files (x86)\NVIDIA Corporation\PhysX\Common;D:\youtube dl\ffmpeg\bin;C:\Program Files\dotnet\;C:\Users\Szymon\AppData\Local\Programs\Python\Python39\Scripts\;C:\Users\Szymon\AppData\Local\Programs\Python\Python39\;C:\Users\Szymon\AppData\Local\Programs\Python\Python36\Scripts\;C:\Users\Szymon\AppData\Local\Programs\Python\Python36\;C:\Users\Szymon\AppData\Local\Microsoft\WindowsApps;C:\Users\Szymon\AppData\Local\GitHubDesktop\bin;C:\Users\Szymon\Desktop;
USERNAME=Szymon
OS=Windows_NT
PROCESSOR_IDENTIFIER=Intel64 Family 6 Model 158 Stepping 13, GenuineIntel



---------------  S Y S T E M  ---------------

OS: Windows 10.0 , 64 bit Build 19041 (10.0.19041.2364)

CPU:total 16 (initial active 16) (8 cores per cpu, 2 threads per core) family 6 model 158 stepping 13, cmov, cx8, fxsr, mmx, sse, sse2, sse3, ssse3, sse4.1, sse4.2, popcnt, avx, avx2, aes, clmul, erms, rtm, 3dnowpref, lzcnt, ht, tsc, tscinvbit, bmi1, bmi2, adx

Memory: 4k page, physical 33483912k(24503308k free), swap 38464648k(24945316k free)

vm_info: Java HotSpot(TM) 64-Bit Server VM (25.291-b10) for windows-amd64 JRE (1.8.0_291-b10), built on Apr  9 2021 00:02:00 by "java_re" with MS VC++ 15.9 (VS2017)

time: Fri Dec 30 22:28:05 2022
timezone: Œrodkowoeuropejski czas stand.
elapsed time: 152.173099 seconds (0d 0h 2m 32s)

