#
# A fatal error has been detected by the Java Runtime Environment:
#
#  Internal Error (javaCalls.cpp:51), pid=12476, tid=0x0000000000001e18
#  guarantee(thread->is_Java_thread()) failed: crucial check - the VM thread cannot and must not escape to Java code
#
# JRE version: Java(TM) SE Runtime Environment (8.0_291-b10) (build 1.8.0_291-b10)
# Java VM: Java HotSpot(TM) 64-Bit Server VM (25.291-b10 mixed mode windows-amd64 compressed oops)
# Failed to write core dump. Minidumps are not enabled by default on client versions of Windows
#
# If you would like to submit a bug report, please visit:
#   http://bugreport.java.com/bugreport/crash.jsp
#

---------------  T H R E A D  ---------------

Current thread (0x0000019944e28800):  VMThread [stack: 0x0000005210c00000,0x0000005210d00000] [id=7704]

Stack: [0x0000005210c00000,0x0000005210d00000]
Native frames: (J=compiled Java code, j=interpreted, Vv=VM code, C=native code)
V  [jvm.dll+0x32ea19]
V  [jvm.dll+0x275462]
V  [jvm.dll+0x27610d]
V  [jvm.dll+0x26cac7]
V  [jvm.dll+0x20accd]
V  [jvm.dll+0x20b317]
V  [jvm.dll+0x32e932]
V  [jvm.dll+0x20b941]
V  [jvm.dll+0x26dd15]
V  [jvm.dll+0x26df5d]
V  [jvm.dll+0x26e0a9]
V  [jvm.dll+0x10ade8]
V  [jvm.dll+0x10a363]
V  [jvm.dll+0x1086f7]
V  [jvm.dll+0x109183]
V  [jvm.dll+0x1066ea]
V  [jvm.dll+0x10587a]
V  [jvm.dll+0xcd19b]
V  [jvm.dll+0xcdd44]
V  [jvm.dll+0x112684]
V  [jvm.dll+0x135980]
V  [jvm.dll+0x1b8e51]
V  [jvm.dll+0x245897]
V  [jvm.dll+0x244005]
V  [jvm.dll+0x24477c]
V  [jvm.dll+0x244a8c]
V  [jvm.dll+0x29210c]
C  [ucrtbase.dll+0x21bb2]
C  [KERNEL32.DLL+0x174b4]
C  [ntdll.dll+0x526a1]

VM_Operation (0x00000052111ff0f0): GetOrSetLocal, mode: safepoint, requested by thread 0x0000019947b9c800


---------------  P R O C E S S  ---------------

Java Threads: ( => current thread )
  0x000001995049b800 JavaThread "TimerQueue" daemon [_thread_blocked, id=16156, stack(0x0000005213d80000,0x0000005213e80000)]
  0x000001994fee5000 JavaThread "Swing-Shell" daemon [_thread_blocked, id=17312, stack(0x0000005213880000,0x0000005213980000)]
  0x0000019948b69800 JavaThread "D3D Screen Updater" daemon [_thread_blocked, id=10532, stack(0x0000005213600000,0x0000005213700000)]
  0x0000019948b6b800 JavaThread "DestroyJavaVM" [_thread_blocked, id=10488, stack(0x000000520fe00000,0x000000520ff00000)]
  0x0000019948b67000 JavaThread "Thread-10" [_thread_blocked, id=16348, stack(0x0000005213500000,0x0000005213600000)]
  0x0000019948b6d000 JavaThread "Thread-9" [_thread_blocked, id=1008, stack(0x0000005213400000,0x0000005213500000)]
  0x0000019948b6b000 JavaThread "Thread-8" [_thread_blocked, id=8216, stack(0x0000005213300000,0x0000005213400000)]
  0x0000019948b66800 JavaThread "AWT-EventQueue-0" [_thread_blocked, id=4488, stack(0x0000005213200000,0x0000005213300000)]
  0x0000019948b65000 JavaThread "Thread-6" [_thread_blocked, id=1608, stack(0x0000005213100000,0x0000005213200000)]
  0x0000019948b62800 JavaThread "Thread-5" [_thread_blocked, id=16596, stack(0x0000005213000000,0x0000005213100000)]
  0x0000019948b60800 JavaThread "Thread-4" [_thread_blocked, id=16612, stack(0x0000005212f00000,0x0000005213000000)]
  0x0000019948b61000 JavaThread "Thread-3" [_thread_blocked, id=16096, stack(0x0000005212e00000,0x0000005212f00000)]
  0x0000019948b5f000 JavaThread "Thread-2" [_thread_blocked, id=15712, stack(0x0000005212d00000,0x0000005212e00000)]
  0x0000019948b65800 JavaThread "Java Sound Event Dispatcher" daemon [_thread_blocked, id=7332, stack(0x0000005212900000,0x0000005212a00000)]
  0x000001994877c800 JavaThread "AWT-Windows" daemon [_thread_in_native, id=2144, stack(0x0000005212400000,0x0000005212500000)]
  0x00000199487c8800 JavaThread "AWT-Shutdown" [_thread_blocked, id=12128, stack(0x0000005212300000,0x0000005212400000)]
  0x00000199487c7800 JavaThread "Java2D Disposer" daemon [_thread_blocked, id=6408, stack(0x0000005212200000,0x0000005212300000)]
  0x0000019947de6000 JavaThread "Service Thread" daemon [_thread_blocked, id=13264, stack(0x0000005212000000,0x0000005212100000)]
  0x0000019947d5a800 JavaThread "C1 CompilerThread11" daemon [_thread_blocked, id=9760, stack(0x0000005211f00000,0x0000005212000000)]
  0x0000019947d59000 JavaThread "C1 CompilerThread10" daemon [_thread_blocked, id=16400, stack(0x0000005211e00000,0x0000005211f00000)]
  0x0000019947d59800 JavaThread "C1 CompilerThread9" daemon [_thread_blocked, id=13092, stack(0x0000005211d00000,0x0000005211e00000)]
  0x0000019947d5f000 JavaThread "C1 CompilerThread8" daemon [_thread_blocked, id=2072, stack(0x0000005211c00000,0x0000005211d00000)]
  0x0000019947cfe000 JavaThread "C2 CompilerThread7" daemon [_thread_blocked, id=15980, stack(0x0000005211b00000,0x0000005211c00000)]
  0x0000019947cfd000 JavaThread "C2 CompilerThread6" daemon [_thread_blocked, id=13672, stack(0x0000005211a00000,0x0000005211b00000)]
  0x0000019947d0f800 JavaThread "C2 CompilerThread5" daemon [_thread_blocked, id=16892, stack(0x0000005211900000,0x0000005211a00000)]
  0x0000019947cfa000 JavaThread "C2 CompilerThread4" daemon [_thread_blocked, id=10808, stack(0x0000005211800000,0x0000005211900000)]
  0x0000019947cf9000 JavaThread "C2 CompilerThread3" daemon [_thread_blocked, id=8096, stack(0x0000005211700000,0x0000005211800000)]
  0x0000019947cf4800 JavaThread "C2 CompilerThread2" daemon [_thread_blocked, id=15720, stack(0x0000005211600000,0x0000005211700000)]
  0x0000019947cf1800 JavaThread "C2 CompilerThread1" daemon [_thread_blocked, id=16272, stack(0x0000005211500000,0x0000005211600000)]
  0x0000019947cef000 JavaThread "C2 CompilerThread0" daemon [_thread_blocked, id=13228, stack(0x0000005211400000,0x0000005211500000)]
  0x0000019947ba1800 JavaThread "JDWP Command Reader" daemon [_thread_in_native, id=16608, stack(0x0000005211300000,0x0000005211400000)]
  0x0000019947b9f000 JavaThread "JDWP Event Helper Thread" daemon [_thread_blocked, id=15160, stack(0x0000005211200000,0x0000005211300000)]
  0x0000019947b9c800 JavaThread "JDWP Transport Listener: dt_socket" daemon [_thread_blocked, id=9684, stack(0x0000005211100000,0x0000005211200000)]
  0x0000019947b79000 JavaThread "Attach Listener" daemon [_thread_blocked, id=9836, stack(0x0000005211000000,0x0000005211100000)]
  0x0000019947b76800 JavaThread "Signal Dispatcher" daemon [_thread_blocked, id=12516, stack(0x0000005210f00000,0x0000005211000000)]
  0x0000019944e3c800 JavaThread "Finalizer" daemon [_thread_blocked, id=13632, stack(0x0000005210e00000,0x0000005210f00000)]
  0x0000019944e33000 JavaThread "Reference Handler" daemon [_thread_blocked, id=16636, stack(0x0000005210d00000,0x0000005210e00000)]

Other Threads:
=>0x0000019944e28800 VMThread [stack: 0x0000005210c00000,0x0000005210d00000] [id=7704]
  0x0000019947f34800 WatcherThread [stack: 0x0000005212100000,0x0000005212200000] [id=16640]

VM state:at safepoint (normal execution)

VM Mutex/Monitor currently owned by a thread:  ([mutex/lock_event])
[0x0000019920b990b0] Threads_lock - owner thread: 0x0000019944e28800

heap address: 0x00000005c1000000, size: 8176 MB, Compressed Oops mode: Zero based, Oop shift amount: 3
Narrow klass base: 0x0000000000000000, Narrow klass shift: 3
Compressed class space size: 1073741824 Address: 0x00000007c0000000

Heap:
 PSYoungGen      total 153600K, used 125016K [0x0000000715b00000, 0x0000000721300000, 0x00000007c0000000)
  eden space 128000K, 97% used [0x0000000715b00000,0x000000071d4be320,0x000000071d800000)
  from space 25600K, 1% used [0x000000071fa00000,0x000000071fa58000,0x0000000721300000)
  to   space 30208K, 0% used [0x000000071d800000,0x000000071d800000,0x000000071f580000)
 ParOldGen       total 430592K, used 204877K [0x00000005c1000000, 0x00000005db480000, 0x0000000715b00000)
  object space 430592K, 47% used [0x00000005c1000000,0x00000005cd813638,0x00000005db480000)
 Metaspace       used 22896K, capacity 23622K, committed 23808K, reserved 1071104K
  class space    used 2814K, capacity 3012K, committed 3072K, reserved 1048576K

Card table byte_map: [0x0000019931880000,0x0000019932880000] byte_map_base: 0x000001992ea78000

Marking Bits: (ParMarkBitMap*) 0x000000005d2b7fe0
 Begin Bits: [0x0000019933330000, 0x000001993b2f0000)
 End Bits:   [0x000001993b2f0000, 0x00000199432b0000)

Polling page: 0x0000019920b40000

CodeCache: size=245760Kb used=14422Kb max_used=15270Kb free=231337Kb
 bounds [0x00000199224c0000, 0x0000019923410000, 0x00000199314c0000]
 total_blobs=3841 nmethods=3210 adapters=546
 compilation: enabled

Compilation events (10 events):
Event: 435.927 Thread 0x0000019947d5a800 3988   !   3       sun.awt.PostEventQueue::flush (168 bytes)
Event: 435.928 Thread 0x0000019947d5a800 nmethod 3988 0x0000019922a45550 code [0x0000019922a457a0, 0x0000019922a46950]
Event: 436.484 Thread 0x0000019947d5f000 3989       3       log.charter.gui.HighlightManager$PositionsWithStringsCalculator::getLane (89 bytes)
Event: 436.485 Thread 0x0000019947d5f000 nmethod 3989 0x0000019922f83850 code [0x0000019922f83b00, 0x0000019922f84aa0]
Event: 437.009 Thread 0x0000019947d59000 3990       3       log.charter.gui.HighlightManager$PositionsWithStringsCalculator::getPositionsWithStrings (146 bytes)
Event: 437.009 Thread 0x0000019947d59000 nmethod 3990 0x00000199232719d0 code [0x0000019923271cc0, 0x0000019923273540]
Event: 437.604 Thread 0x0000019947cfd000 3991       4       log.charter.song.Position::findLastIdBefore (91 bytes)
Event: 437.606 Thread 0x0000019947cfd000 nmethod 3991 0x0000019922cfef50 code [0x0000019922cff0c0, 0x0000019922cff478]
Event: 440.894 Thread 0x0000019947cf4800 3992       4       log.charter.gui.HighlightManager$PositionsWithStringsCalculator::getLane (89 bytes)
Event: 440.897 Thread 0x0000019947cf4800 nmethod 3992 0x0000019922a36250 code [0x0000019922a36400, 0x0000019922a36cd8]

GC Heap History (10 events):
Event: 417.256 GC heap before
{Heap before GC invocations=22 (full 2):
 PSYoungGen      total 140800K, used 140672K [0x0000000715b00000, 0x0000000723900000, 0x00000007c0000000)
  eden space 140288K, 100% used [0x0000000715b00000,0x000000071e400000,0x000000071e400000)
  from space 512K, 75% used [0x000000071e680000,0x000000071e6e0000,0x000000071e700000)
  to   space 43520K, 0% used [0x0000000720e80000,0x0000000720e80000,0x0000000723900000)
 ParOldGen       total 430592K, used 204597K [0x00000005c1000000, 0x00000005db480000, 0x0000000715b00000)
  object space 430592K, 47% used [0x00000005c1000000,0x00000005cd7cd638,0x00000005db480000)
 Metaspace       used 22873K, capacity 23622K, committed 23808K, reserved 1071104K
  class space    used 2813K, capacity 3012K, committed 3072K, reserved 1048576K
Event: 417.257 GC heap after
Heap after GC invocations=22 (full 2):
 PSYoungGen      total 172544K, used 416K [0x0000000715b00000, 0x0000000723080000, 0x00000007c0000000)
  eden space 137728K, 0% used [0x0000000715b00000,0x0000000715b00000,0x000000071e180000)
  from space 34816K, 1% used [0x0000000720e80000,0x0000000720ee8000,0x0000000723080000)
  to   space 40448K, 0% used [0x000000071e180000,0x000000071e180000,0x0000000720900000)
 ParOldGen       total 430592K, used 204669K [0x00000005c1000000, 0x00000005db480000, 0x0000000715b00000)
  object space 430592K, 47% used [0x00000005c1000000,0x00000005cd7df638,0x00000005db480000)
 Metaspace       used 22873K, capacity 23622K, committed 23808K, reserved 1071104K
  class space    used 2813K, capacity 3012K, committed 3072K, reserved 1048576K
}
Event: 421.265 GC heap before
{Heap before GC invocations=23 (full 2):
 PSYoungGen      total 172544K, used 138144K [0x0000000715b00000, 0x0000000723080000, 0x00000007c0000000)
  eden space 137728K, 100% used [0x0000000715b00000,0x000000071e180000,0x000000071e180000)
  from space 34816K, 1% used [0x0000000720e80000,0x0000000720ee8000,0x0000000723080000)
  to   space 40448K, 0% used [0x000000071e180000,0x000000071e180000,0x0000000720900000)
 ParOldGen       total 430592K, used 204669K [0x00000005c1000000, 0x00000005db480000, 0x0000000715b00000)
  object space 430592K, 47% used [0x00000005c1000000,0x00000005cd7df638,0x00000005db480000)
 Metaspace       used 22874K, capacity 23622K, committed 23808K, reserved 1071104K
  class space    used 2813K, capacity 3012K, committed 3072K, reserved 1048576K
Event: 421.267 GC heap after
Heap after GC invocations=23 (full 2):
 PSYoungGen      total 135680K, used 256K [0x0000000715b00000, 0x0000000722900000, 0x00000007c0000000)
  eden space 135168K, 0% used [0x0000000715b00000,0x0000000715b00000,0x000000071df00000)
  from space 512K, 50% used [0x000000071e180000,0x000000071e1c0000,0x000000071e200000)
  to   space 37888K, 0% used [0x0000000720400000,0x0000000720400000,0x0000000722900000)
 ParOldGen       total 430592K, used 204709K [0x00000005c1000000, 0x00000005db480000, 0x0000000715b00000)
  object space 430592K, 47% used [0x00000005c1000000,0x00000005cd7e9638,0x00000005db480000)
 Metaspace       used 22874K, capacity 23622K, committed 23808K, reserved 1071104K
  class space    used 2813K, capacity 3012K, committed 3072K, reserved 1048576K
}
Event: 427.756 GC heap before
{Heap before GC invocations=24 (full 2):
 PSYoungGen      total 135680K, used 135424K [0x0000000715b00000, 0x0000000722900000, 0x00000007c0000000)
  eden space 135168K, 100% used [0x0000000715b00000,0x000000071df00000,0x000000071df00000)
  from space 512K, 50% used [0x000000071e180000,0x000000071e1c0000,0x000000071e200000)
  to   space 37888K, 0% used [0x0000000720400000,0x0000000720400000,0x0000000722900000)
 ParOldGen       total 430592K, used 204709K [0x00000005c1000000, 0x00000005db480000, 0x0000000715b00000)
  object space 430592K, 47% used [0x00000005c1000000,0x00000005cd7e9638,0x00000005db480000)
 Metaspace       used 22874K, capacity 23622K, committed 23808K, reserved 1071104K
  class space    used 2813K, capacity 3012K, committed 3072K, reserved 1048576K
Event: 427.758 GC heap after
Heap after GC invocations=24 (full 2):
 PSYoungGen      total 162816K, used 384K [0x0000000715b00000, 0x0000000722180000, 0x00000007c0000000)
  eden space 132608K, 0% used [0x0000000715b00000,0x0000000715b00000,0x000000071dc80000)
  from space 30208K, 1% used [0x0000000720400000,0x0000000720460000,0x0000000722180000)
  to   space 35328K, 0% used [0x000000071dc80000,0x000000071dc80000,0x000000071ff00000)
 ParOldGen       total 430592K, used 204765K [0x00000005c1000000, 0x00000005db480000, 0x0000000715b00000)
  object space 430592K, 47% used [0x00000005c1000000,0x00000005cd7f7638,0x00000005db480000)
 Metaspace       used 22874K, capacity 23622K, committed 23808K, reserved 1071104K
  class space    used 2813K, capacity 3012K, committed 3072K, reserved 1048576K
}
Event: 434.092 GC heap before
{Heap before GC invocations=25 (full 2):
 PSYoungGen      total 162816K, used 132992K [0x0000000715b00000, 0x0000000722180000, 0x00000007c0000000)
  eden space 132608K, 100% used [0x0000000715b00000,0x000000071dc80000,0x000000071dc80000)
  from space 30208K, 1% used [0x0000000720400000,0x0000000720460000,0x0000000722180000)
  to   space 35328K, 0% used [0x000000071dc80000,0x000000071dc80000,0x000000071ff00000)
 ParOldGen       total 430592K, used 204765K [0x00000005c1000000, 0x00000005db480000, 0x0000000715b00000)
  object space 430592K, 47% used [0x00000005c1000000,0x00000005cd7f7638,0x00000005db480000)
 Metaspace       used 22874K, capacity 23622K, committed 23808K, reserved 1071104K
  class space    used 2813K, capacity 3012K, committed 3072K, reserved 1048576K
Event: 434.095 GC heap after
Heap after GC invocations=25 (full 2):
 PSYoungGen      total 130560K, used 384K [0x0000000715b00000, 0x0000000721a00000, 0x00000007c0000000)
  eden space 130048K, 0% used [0x0000000715b00000,0x0000000715b00000,0x000000071da00000)
  from space 512K, 75% used [0x000000071dc80000,0x000000071dce0000,0x000000071dd00000)
  to   space 32768K, 0% used [0x000000071fa00000,0x000000071fa00000,0x0000000721a00000)
 ParOldGen       total 430592K, used 204861K [0x00000005c1000000, 0x00000005db480000, 0x0000000715b00000)
  object space 430592K, 47% used [0x00000005c1000000,0x00000005cd80f638,0x00000005db480000)
 Metaspace       used 22874K, capacity 23622K, committed 23808K, reserved 1071104K
  class space    used 2813K, capacity 3012K, committed 3072K, reserved 1048576K
}
Event: 438.487 GC heap before
{Heap before GC invocations=26 (full 2):
 PSYoungGen      total 130560K, used 130432K [0x0000000715b00000, 0x0000000721a00000, 0x00000007c0000000)
  eden space 130048K, 100% used [0x0000000715b00000,0x000000071da00000,0x000000071da00000)
  from space 512K, 75% used [0x000000071dc80000,0x000000071dce0000,0x000000071dd00000)
  to   space 32768K, 0% used [0x000000071fa00000,0x000000071fa00000,0x0000000721a00000)
 ParOldGen       total 430592K, used 204861K [0x00000005c1000000, 0x00000005db480000, 0x0000000715b00000)
  object space 430592K, 47% used [0x00000005c1000000,0x00000005cd80f638,0x00000005db480000)
 Metaspace       used 22874K, capacity 23622K, committed 23808K, reserved 1071104K
  class space    used 2813K, capacity 3012K, committed 3072K, reserved 1048576K
Event: 438.489 GC heap after
Heap after GC invocations=26 (full 2):
 PSYoungGen      total 153600K, used 352K [0x0000000715b00000, 0x0000000721300000, 0x00000007c0000000)
  eden space 128000K, 0% used [0x0000000715b00000,0x0000000715b00000,0x000000071d800000)
  from space 25600K, 1% used [0x000000071fa00000,0x000000071fa58000,0x0000000721300000)
  to   space 30208K, 0% used [0x000000071d800000,0x000000071d800000,0x000000071f580000)
 ParOldGen       total 430592K, used 204877K [0x00000005c1000000, 0x00000005db480000, 0x0000000715b00000)
  object space 430592K, 47% used [0x00000005c1000000,0x00000005cd813638,0x00000005db480000)
 Metaspace       used 22874K, capacity 23622K, committed 23808K, reserved 1071104K
  class space    used 2813K, capacity 3012K, committed 3072K, reserved 1048576K
}

Deoptimization events (10 events):
Event: 327.294 Thread 0x0000019948b66800 Uncommon trap: reason=unstable_if action=reinterpret pc=0x0000019923237d04 method=java.awt.Container.dispatchEventImpl(Ljava/awt/AWTEvent;)V @ 26
Event: 327.349 Thread 0x0000019948b66800 Uncommon trap: reason=unstable_if action=reinterpret pc=0x00000199231cdaa8 method=java.util.concurrent.locks.AbstractQueuedSynchronizer.unparkSuccessor(Ljava/util/concurrent/locks/AbstractQueuedSynchronizer$Node;)V @ 22
Event: 330.202 Thread 0x0000019948b66800 Uncommon trap: reason=unstable_if action=reinterpret pc=0x0000019923234d18 method=java.util.concurrent.locks.AbstractQueuedSynchronizer.unparkSuccessor(Ljava/util/concurrent/locks/AbstractQueuedSynchronizer$Node;)V @ 22
Event: 332.094 Thread 0x0000019948b66800 Uncommon trap: reason=unstable_if action=reinterpret pc=0x0000019922bf4428 method=java.util.concurrent.locks.AbstractQueuedSynchronizer.unparkSuccessor(Ljava/util/concurrent/locks/AbstractQueuedSynchronizer$Node;)V @ 22
Event: 334.186 Thread 0x0000019948b66800 Uncommon trap: reason=unstable_if action=reinterpret pc=0x00000199231fe410 method=java.util.concurrent.locks.AbstractQueuedSynchronizer.acquireQueued(Ljava/util/concurrent/locks/AbstractQueuedSynchronizer$Node;I)Z @ 17
Event: 405.627 Thread 0x0000019948b66800 Uncommon trap: reason=unstable_if action=reinterpret pc=0x0000019922d0a108 method=java.lang.ref.SoftReference.get()Ljava/lang/Object; @ 17
Event: 417.257 Thread 0x0000019948b66800 Uncommon trap: reason=unstable_if action=reinterpret pc=0x0000019922d7c8fc method=sun.java2d.pipe.BufferedContext.validate(Lsun/java2d/pipe/hw/AccelSurface;Lsun/java2d/pipe/hw/AccelSurface;Lsun/java2d/pipe/Region;Ljava/awt/Composite;Ljava/awt/geom/AffineT
Event: 435.915 Thread 0x0000019948b6d000 Uncommon trap: reason=unstable_if action=reinterpret pc=0x0000019922b4a438 method=sun.awt.PostEventQueue.flush()V @ 23
Event: 436.246 Thread 0x0000019948b66800 Uncommon trap: reason=unstable_if action=reinterpret pc=0x00000199233f156c method=log.charter.gui.HighlightManager$PositionsWithStringsCalculator.getLane(I)I @ 11
Event: 436.256 Thread 0x0000019948b66800 Uncommon trap: reason=unstable_if action=reinterpret pc=0x0000019922c4a940 method=log.charter.gui.HighlightManager$PositionsWithStringsCalculator.getLane(I)I @ 11

Classes redefined (10 events):
Event: 281.605 Thread 0x0000019944e28800 redefined class name=log.charter.song.Position, count=2
Event: 395.270 Thread 0x0000019944e28800 redefined class name=log.charter.gui.HighlightManager$PositionWithStringOrNoteId, count=2
Event: 395.277 Thread 0x0000019944e28800 redefined class name=log.charter.gui.HighlightManager$PositionsWithStringsCalculator, count=2
Event: 395.284 Thread 0x0000019944e28800 redefined class name=log.charter.gui.HighlightManager, count=2
Event: 412.058 Thread 0x0000019944e28800 redefined class name=log.charter.gui.HighlightManager$PositionWithStringOrNoteId, count=3
Event: 412.064 Thread 0x0000019944e28800 redefined class name=log.charter.gui.HighlightManager$PositionsWithStringsCalculator, count=3
Event: 412.070 Thread 0x0000019944e28800 redefined class name=log.charter.gui.HighlightManager, count=3
Event: 550.088 Thread 0x0000019944e28800 redefined class name=log.charter.gui.HighlightManager$PositionWithStringOrNoteId, count=4
Event: 550.095 Thread 0x0000019944e28800 redefined class name=log.charter.gui.HighlightManager$PositionsWithStringsCalculator, count=4
Event: 550.101 Thread 0x0000019944e28800 redefined class name=log.charter.gui.HighlightManager, count=4

Internal exceptions (10 events):
Event: 134.683 Thread 0x0000019948b66800 Exception <a 'java/lang/ArithmeticException'> (0x0000000715c43678) thrown at [C:\jenkins\workspace\8-2-build-windows-amd64-cygwin\jdk8u291\1294\hotspot\src\share\vm\prims\jvm.cpp, line 1527]
Event: 134.683 Thread 0x0000019948b66800 Exception <a 'java/lang/ArithmeticException'> (0x0000000715c43678) thrown at [C:\jenkins\workspace\8-2-build-windows-amd64-cygwin\jdk8u291\1294\hotspot\src\share\vm\prims\jvm.cpp, line 1527]
Event: 305.970 Thread 0x0000019948b66800 Implicit null exception at 0x0000019922d624ab to 0x0000019922d64c71
Event: 311.026 Thread 0x0000019948b66800 Implicit null exception at 0x00000199232e9a60 to 0x00000199232f0292
Event: 326.891 Thread 0x0000019948b66800 Implicit null exception at 0x0000019922d53f9b to 0x0000019922d54df9
Event: 327.294 Thread 0x0000019948b66800 Implicit null exception at 0x00000199232370d8 to 0x0000019923237ced
Event: 327.349 Thread 0x0000019948b66800 Implicit null exception at 0x00000199231cc9db to 0x00000199231cda51
Event: 330.202 Thread 0x0000019948b66800 Implicit null exception at 0x0000019923234507 to 0x0000019923234cdd
Event: 332.094 Thread 0x0000019948b66800 Implicit null exception at 0x0000019922bf37e9 to 0x0000019922bf43f1
Event: 417.257 Thread 0x0000019948b66800 Implicit null exception at 0x0000019922d79c24 to 0x0000019922d7c8b1

Events (10 events):
Event: 550.111 Executing VM operation: GetCurrentContendedMonitor done
Event: 550.111 Executing VM operation: GetOwnedMonitorInfo
Event: 550.111 Executing VM operation: GetOwnedMonitorInfo done
Event: 550.111 Executing VM operation: GetCurrentContendedMonitor
Event: 550.111 Executing VM operation: GetCurrentContendedMonitor done
Event: 550.112 Executing VM operation: GetCurrentContendedMonitor
Event: 550.112 Executing VM operation: GetCurrentContendedMonitor done
Event: 550.112 Executing VM operation: GetOwnedMonitorInfo
Event: 550.112 Executing VM operation: GetOwnedMonitorInfo done
Event: 550.223 Executing VM operation: GetOrSetLocal


Dynamic libraries:
0x00007ff6beed0000 - 0x00007ff6bef17000 	C:\Program Files\Java\jdk1.8.0_291\jre\bin\javaw.exe
0x00007ff867d70000 - 0x00007ff867f68000 	C:\Windows\SYSTEM32\ntdll.dll
0x00007ff8673c0000 - 0x00007ff86747f000 	C:\Windows\System32\KERNEL32.DLL
0x00007ff8658d0000 - 0x00007ff865ba2000 	C:\Windows\System32\KERNELBASE.dll
0x00007ff865dc0000 - 0x00007ff865e6e000 	C:\Windows\System32\ADVAPI32.dll
0x00007ff866b10000 - 0x00007ff866bae000 	C:\Windows\System32\msvcrt.dll
0x00007ff867b60000 - 0x00007ff867bfc000 	C:\Windows\System32\sechost.dll
0x00007ff867c00000 - 0x00007ff867d25000 	C:\Windows\System32\RPCRT4.dll
0x00007ff865eb0000 - 0x00007ff86604d000 	C:\Windows\System32\USER32.dll
0x00007ff8656c0000 - 0x00007ff8656e2000 	C:\Windows\System32\win32u.dll
0x00007ff8675a0000 - 0x00007ff8675cb000 	C:\Windows\System32\GDI32.dll
0x00007ff865bb0000 - 0x00007ff865cbf000 	C:\Windows\System32\gdi32full.dll
0x00007ff865520000 - 0x00007ff8655bd000 	C:\Windows\System32\msvcp_win.dll
0x00007ff865cc0000 - 0x00007ff865dc0000 	C:\Windows\System32\ucrtbase.dll
0x00007ff8516d0000 - 0x00007ff85196a000 	C:\Windows\WinSxS\amd64_microsoft.windows.common-controls_6595b64144ccf1df_6.0.19041.1110_none_60b5254171f9507e\COMCTL32.dll
0x00007ff867ac0000 - 0x00007ff867af2000 	C:\Windows\System32\IMM32.DLL
0x00007ff84a1d0000 - 0x00007ff84a1e5000 	C:\Program Files\Java\jdk1.8.0_291\jre\bin\vcruntime140.dll
0x00007ff847230000 - 0x00007ff8472cb000 	C:\Program Files\Java\jdk1.8.0_291\jre\bin\msvcp140.dll
0x000000005cad0000 - 0x000000005d330000 	C:\Program Files\Java\jdk1.8.0_291\jre\bin\server\jvm.dll
0x00007ff865ea0000 - 0x00007ff865ea8000 	C:\Windows\System32\PSAPI.DLL
0x00007ff860060000 - 0x00007ff860069000 	C:\Windows\SYSTEM32\WSOCK32.dll
0x00007ff85bf40000 - 0x00007ff85bf67000 	C:\Windows\SYSTEM32\WINMM.dll
0x00007ff85eea0000 - 0x00007ff85eeaa000 	C:\Windows\SYSTEM32\VERSION.dll
0x00007ff8672f0000 - 0x00007ff86735b000 	C:\Windows\System32\WS2_32.dll
0x00007ff863350000 - 0x00007ff863362000 	C:\Windows\SYSTEM32\kernel.appcore.dll
0x00007ff860f80000 - 0x00007ff860f90000 	C:\Program Files\Java\jdk1.8.0_291\jre\bin\verify.dll
0x00007ff849370000 - 0x00007ff84939b000 	C:\Program Files\Java\jdk1.8.0_291\jre\bin\java.dll
0x00007ff847940000 - 0x00007ff847976000 	C:\Program Files\Java\jdk1.8.0_291\jre\bin\jdwp.dll
0x00007ff860ea0000 - 0x00007ff860ea9000 	C:\Program Files\Java\jdk1.8.0_291\jre\bin\npt.dll
0x00007ff847680000 - 0x00007ff8476b0000 	C:\Program Files\Java\jdk1.8.0_291\jre\bin\instrument.dll
0x00007ff849350000 - 0x00007ff849368000 	C:\Program Files\Java\jdk1.8.0_291\jre\bin\zip.dll
0x00007ff866050000 - 0x00007ff866793000 	C:\Windows\System32\SHELL32.dll
0x00007ff863550000 - 0x00007ff863ce2000 	C:\Windows\SYSTEM32\windows.storage.dll
0x00007ff8675d0000 - 0x00007ff867924000 	C:\Windows\System32\combase.dll
0x00007ff864ed0000 - 0x00007ff864f00000 	C:\Windows\SYSTEM32\Wldp.dll
0x00007ff866bb0000 - 0x00007ff866c5d000 	C:\Windows\System32\SHCORE.dll
0x00007ff866960000 - 0x00007ff8669b5000 	C:\Windows\System32\shlwapi.dll
0x00007ff8653b0000 - 0x00007ff8653cf000 	C:\Windows\SYSTEM32\profapi.dll
0x00007ff8498f0000 - 0x00007ff8498fa000 	C:\Program Files\Java\jdk1.8.0_291\jre\bin\dt_socket.dll
0x00007ff845c50000 - 0x00007ff845c67000 	C:\Windows\system32\napinsp.dll
0x00007ff845c70000 - 0x00007ff845c8b000 	C:\Windows\system32\pnrpnsp.dll
0x00007ff84a490000 - 0x00007ff84a4a5000 	C:\Windows\system32\wshbth.dll
0x00007ff860e30000 - 0x00007ff860e4d000 	C:\Windows\system32\NLAapi.dll
0x00007ff8648b0000 - 0x00007ff8648eb000 	C:\Windows\SYSTEM32\IPHLPAPI.DLL
0x00007ff864c30000 - 0x00007ff864c9a000 	C:\Windows\System32\mswsock.dll
0x00007ff864910000 - 0x00007ff8649da000 	C:\Windows\SYSTEM32\DNSAPI.dll
0x00007ff865e90000 - 0x00007ff865e98000 	C:\Windows\System32\NSI.dll
0x00007ff846030000 - 0x00007ff846042000 	C:\Windows\System32\winrnr.dll
0x00007ff852090000 - 0x00007ff852110000 	C:\Windows\System32\fwpuclnt.dll
0x00007ff865850000 - 0x00007ff865877000 	C:\Windows\System32\bcrypt.dll
0x00007ff850f40000 - 0x00007ff850f4a000 	C:\Windows\System32\rasadhlp.dll
0x00007ff8335e0000 - 0x00007ff833775000 	C:\Program Files\Java\jdk1.8.0_291\jre\bin\awt.dll
0x00007ff866a40000 - 0x00007ff866b0d000 	C:\Windows\System32\OLEAUT32.dll
0x00007ff862c90000 - 0x00007ff862d21000 	C:\Windows\SYSTEM32\apphelp.dll
0x00007ff863170000 - 0x00007ff86319f000 	C:\Windows\system32\DWMAPI.DLL
0x00007ff862e80000 - 0x00007ff862f1e000 	C:\Windows\system32\uxtheme.dll
0x00007ff833860000 - 0x00007ff833985000 	C:\Windows\system32\opengl32.dll
0x00007ff842210000 - 0x00007ff84223c000 	C:\Windows\SYSTEM32\GLU32.dll
0x00007ff867480000 - 0x00007ff867595000 	C:\Windows\System32\MSCTF.dll
0x00007ff866c60000 - 0x00007ff866d8a000 	C:\Windows\System32\ole32.dll
0x00007ff8655c0000 - 0x00007ff865642000 	C:\Windows\System32\bcryptPrimitives.dll
0x00007ff856930000 - 0x00007ff856aff000 	C:\Windows\system32\d3d9.dll
0x00007ff85bf70000 - 0x00007ff85c02e000 	C:\Windows\System32\DriverStore\FileRepository\nv_dispig.inf_amd64_807bbbd5b556d8f2\nvldumdx.dll
0x00007ff865060000 - 0x00007ff865072000 	C:\Windows\SYSTEM32\msasn1.dll
0x00007ff85d750000 - 0x00007ff85d781000 	C:\Windows\SYSTEM32\cryptnet.dll
0x00007ff8656f0000 - 0x00007ff865846000 	C:\Windows\System32\CRYPT32.dll
0x00007ff85d500000 - 0x00007ff85d648000 	C:\Windows\SYSTEM32\drvstore.dll
0x00007ff865240000 - 0x00007ff86526c000 	C:\Windows\SYSTEM32\devobj.dll
0x00007ff865880000 - 0x00007ff8658ce000 	C:\Windows\System32\cfgmgr32.dll
0x00007ff864e20000 - 0x00007ff864e2c000 	C:\Windows\SYSTEM32\cryptbase.dll
0x00007ff865650000 - 0x00007ff8656ba000 	C:\Windows\System32\WINTRUST.DLL
0x00007ff865e70000 - 0x00007ff865e8d000 	C:\Windows\System32\imagehlp.dll
0x00007ff864e30000 - 0x00007ff864e48000 	C:\Windows\SYSTEM32\CRYPTSP.dll
0x00007ff864470000 - 0x00007ff8644a4000 	C:\Windows\system32\rsaenh.dll
0x00007ff814f20000 - 0x00007ff81752b000 	C:\Windows\System32\DriverStore\FileRepository\nv_dispig.inf_amd64_807bbbd5b556d8f2\nvd3dumx.dll
0x00007ff863d00000 - 0x00007ff863d23000 	C:\Windows\SYSTEM32\gpapi.dll
0x00007ff85c860000 - 0x00007ff85c89b000 	C:\Windows\SYSTEM32\dxcore.dll
0x00007ff849200000 - 0x00007ff84920d000 	C:\Program Files\Java\jdk1.8.0_291\jre\bin\jsound.dll
0x00007ff8477a0000 - 0x00007ff8477ad000 	C:\Program Files\Java\jdk1.8.0_291\jre\bin\jsoundds.dll
0x00007ff83bad0000 - 0x00007ff83bb6c000 	C:\Windows\SYSTEM32\DSOUND.dll
0x00007ff864a40000 - 0x00007ff864a8b000 	C:\Windows\SYSTEM32\powrprof.dll
0x00007ff84ba90000 - 0x00007ff84bab6000 	C:\Windows\SYSTEM32\winmmbase.dll
0x00007ff8648f0000 - 0x00007ff864902000 	C:\Windows\SYSTEM32\UMPDC.dll
0x00007ff85d6c0000 - 0x00007ff85d745000 	C:\Windows\SYSTEM32\MMDevAPI.DLL
0x00007ff847740000 - 0x00007ff847786000 	C:\Windows\SYSTEM32\wdmaud.drv
0x00007ff860150000 - 0x00007ff860159000 	C:\Windows\SYSTEM32\ksuser.dll
0x00007ff860620000 - 0x00007ff86062a000 	C:\Windows\SYSTEM32\AVRT.dll
0x00007ff85d7a0000 - 0x00007ff85d922000 	C:\Windows\SYSTEM32\AUDIOSES.DLL
0x00007ff860040000 - 0x00007ff86004d000 	C:\Windows\SYSTEM32\msacm32.drv
0x00007ff847720000 - 0x00007ff84773e000 	C:\Windows\SYSTEM32\MSACM32.dll
0x00007ff860030000 - 0x00007ff86003b000 	C:\Windows\SYSTEM32\midimap.dll
0x00007ff867930000 - 0x00007ff8679df000 	C:\Windows\System32\clbcatq.dll
0x00007ff862f50000 - 0x00007ff862f64000 	C:\Windows\SYSTEM32\resourcepolicyclient.dll
0x00007ff841f60000 - 0x00007ff841fa9000 	C:\Program Files\Java\jdk1.8.0_291\jre\bin\fontmanager.dll
0x00007ff847210000 - 0x00007ff84722c000 	C:\Program Files\Java\jdk1.8.0_291\jre\bin\net.dll
0x00007ff847190000 - 0x00007ff8471a3000 	C:\Program Files\Java\jdk1.8.0_291\jre\bin\nio.dll
0x00007ff8418d0000 - 0x00007ff841913000 	C:\Program Files\Java\jdk1.8.0_291\jre\bin\t2k.dll
0x00007ff84ff30000 - 0x00007ff850029000 	C:\Windows\SYSTEM32\textinputframework.dll
0x00007ff862620000 - 0x00007ff86297e000 	C:\Windows\System32\CoreUIComponents.dll
0x00007ff862980000 - 0x00007ff862a72000 	C:\Windows\System32\CoreMessaging.dll
0x00007ff864590000 - 0x00007ff8645c3000 	C:\Windows\SYSTEM32\ntmarta.dll
0x00007ff861f50000 - 0x00007ff8620a4000 	C:\Windows\SYSTEM32\wintypes.dll
0x00007ff84fb30000 - 0x00007ff84fbe0000 	C:\Windows\WinSxS\amd64_microsoft.windows.common-controls_6595b64144ccf1df_5.82.19041.1110_none_792d1c772443f647\comctl32.dll
0x00007ff860ff0000 - 0x00007ff8610e6000 	C:\Windows\system32\propsys.dll
0x00007ff843330000 - 0x00007ff843347000 	C:\Windows\system32\NetworkExplorer.dll
0x00007ff854f10000 - 0x00007ff854f2d000 	C:\Windows\SYSTEM32\MPR.dll
0x00007ff847790000 - 0x00007ff84779b000 	C:\Windows\System32\drprov.dll
0x00007ff864710000 - 0x00007ff864774000 	C:\Windows\System32\WINSTA.dll
0x00007ff842670000 - 0x00007ff842690000 	C:\Windows\System32\ntlanman.dll
0x00007ff842030000 - 0x00007ff84204e000 	C:\Windows\System32\davclnt.dll
0x00007ff8475b0000 - 0x00007ff8475bd000 	C:\Windows\System32\DAVHLPR.dll
0x00007ff8645d0000 - 0x00007ff8645e9000 	C:\Windows\System32\wkscli.dll
0x00007ff841500000 - 0x00007ff841512000 	C:\Windows\SYSTEM32\cscapi.dll
0x00007ff8649e0000 - 0x00007ff8649ec000 	C:\Windows\System32\netutils.dll
0x00007ff841610000 - 0x00007ff841666000 	C:\Windows\System32\dlnashext.dll
0x00007ff83f9d0000 - 0x00007ff83fa34000 	C:\Windows\System32\PlayToDevice.dll
0x00007ff841570000 - 0x00007ff841590000 	C:\Windows\System32\DevDispItemProvider.dll
0x00007ff838b90000 - 0x00007ff838c31000 	C:\Windows\system32\wpdshext.dll
0x00007ff851a20000 - 0x00007ff851bc5000 	C:\Windows\WinSxS\amd64_microsoft.windows.gdiplus_6595b64144ccf1df_1.1.19041.2251_none_91a40448cc8846c1\gdiplus.dll
0x00007ff85f340000 - 0x00007ff85f3e3000 	C:\Windows\System32\PortableDeviceApi.dll
0x00007ff866d90000 - 0x00007ff8671f8000 	C:\Windows\System32\SETUPAPI.dll
0x00007ff85d440000 - 0x00007ff85d472000 	C:\Windows\System32\PortableDeviceTypes.dll
0x00007ff83f980000 - 0x00007ff83f9b7000 	C:\Windows\System32\EhStorShell.dll
0x00007ff841780000 - 0x00007ff8417a6000 	C:\Windows\System32\EhStorAPI.dll
0x00007ff861150000 - 0x00007ff861164000 	C:\Windows\System32\WTSAPI32.dll
0x00007ff83fe90000 - 0x00007ff83fe9d000 	C:\Windows\SYSTEM32\LINKINFO.dll
0x00007ff85f450000 - 0x00007ff85f604000 	C:\Windows\SYSTEM32\WindowsCodecs.dll
0x00007ff843040000 - 0x00007ff84307e000 	C:\Windows\system32\dataexchange.dll

VM Arguments:
jvm_args: -agentlib:jdwp=transport=dt_socket,suspend=y,address=localhost:54200 -javaagent:C:\Programs\Eclipse\eclipse\configuration\org.eclipse.osgi\215\0\.cp\lib\javaagent-shaded.jar -Dfile.encoding=Cp1250 
java_command: log.charter.main.LogCharterRSMain
java_class_path (initial): C:\Users\Szymon\eclipse-workspace\LOG-charter-RS\target\classes;C:\Users\Szymon\.m2\repository\org\jogamp\gluegen\gluegen-rt\2.3.2\gluegen-rt-2.3.2.jar;C:\Users\Szymon\.m2\repository\org\jogamp\jogl\jogl-all\2.3.2\jogl-all-2.3.2.jar;C:\Users\Szymon\.m2\repository\com\googlecode\soundlibs\tritonus-share\0.3.7-2\tritonus-share-0.3.7-2.jar;C:\Users\Szymon\.m2\repository\com\googlecode\soundlibs\mp3spi\1.9.5-1\mp3spi-1.9.5-1.jar;C:\Users\Szymon\.m2\repository\com\googlecode\soundlibs\jlayer\1.0.1-1\jlayer-1.0.1-1.jar;C:\Users\Szymon\.m2\repository\junit\junit\3.8.2\junit-3.8.2.jar;C:\Users\Szymon\.m2\repository\com\googlecode\soundlibs\vorbisspi\1.0.3-1\vorbisspi-1.0.3-1.jar;C:\Users\Szymon\.m2\repository\com\googlecode\soundlibs\jorbis\0.0.17-2\jorbis-0.0.17-2.jar;C:\Users\Szymon\.m2\repository\com\thoughtworks\xstream\xstream\1.4.19\xstream-1.4.19.jar;C:\Users\Szymon\.m2\repository\io\github\x-stream\mxparser\1.2.2\mxparser-1.2.2.jar;C:\Users\Szymon\.m2\repository\xmlpull\xmlpull\1.1.3.1\xmlpull-1.1.3.1.jar;C:\Programs\Eclipse\eclipse\configuration\org.eclipse.osgi\215\0\.cp\lib\javaagent-shaded.jar
Launcher Type: SUN_STANDARD

Environment Variables:
PATH=C:\Program Files\Java\jdk1.8.0_291\jre\bin;C:/Users/Szymon/.p2/pool/plugins/org.eclipse.justj.openjdk.hotspot.jre.full.win32.x86_64_14.0.2.v20200815-0932/jre/bin/server;C:/Users/Szymon/.p2/pool/plugins/org.eclipse.justj.openjdk.hotspot.jre.full.win32.x86_64_14.0.2.v20200815-0932/jre/bin;C:\Program Files\Common Files\Oracle\Java\javapath;C:\Program Files (x86)\Common Files\Oracle\Java\javapath;C:\Windows\system32;C:\Windows;C:\Windows\System32\Wbem;C:\Windows\System32\WindowsPowerShell\v1.0\;C:\Windows\System32\OpenSSH\;C:\Program Files (x86)\Java\jre1.8.0_261\bin;C:\Programs\ffmpeg-4.4-full_build;C:\Program Files (x86)\NVIDIA Corporation\PhysX\Common;D:\youtube dl\ffmpeg\bin;C:\Program Files\dotnet\;C:\Users\Szymon\AppData\Local\Programs\Python\Python39\Scripts\;C:\Users\Szymon\AppData\Local\Programs\Python\Python39\;C:\Users\Szymon\AppData\Local\Programs\Python\Python36\Scripts\;C:\Users\Szymon\AppData\Local\Programs\Python\Python36\;C:\Users\Szymon\AppData\Local\Microsoft\WindowsApps;C:\Users\Szymon\AppData\Local\GitHubDesktop\bin;C:\Users\Szymon\Desktop;
USERNAME=Szymon
OS=Windows_NT
PROCESSOR_IDENTIFIER=Intel64 Family 6 Model 158 Stepping 13, GenuineIntel



---------------  S Y S T E M  ---------------

OS: Windows 10.0 , 64 bit Build 19041 (10.0.19041.2251)

CPU:total 16 (initial active 16) (8 cores per cpu, 2 threads per core) family 6 model 158 stepping 13, cmov, cx8, fxsr, mmx, sse, sse2, sse3, ssse3, sse4.1, sse4.2, popcnt, avx, avx2, aes, clmul, erms, rtm, 3dnowpref, lzcnt, ht, tsc, tscinvbit, bmi1, bmi2, adx

Memory: 4k page, physical 33483912k(21328828k free), swap 38464648k(22008804k free)

vm_info: Java HotSpot(TM) 64-Bit Server VM (25.291-b10) for windows-amd64 JRE (1.8.0_291-b10), built on Apr  9 2021 00:02:00 by "java_re" with MS VC++ 15.9 (VS2017)

time: Mon Dec 12 20:27:45 2022
timezone: Œrodkowoeuropejski czas stand.
elapsed time: 550.236146 seconds (0d 0h 9m 10s)

